[2019-10-25 07:20:19,943] multiqc                                            [DEBUG  ]  No MultiQC config found: /home/tphung3/softwares/miniconda3/envs/2019July_cayo/lib/python3.6/site-packages/multiqc_config.yaml
[2019-10-25 07:20:19,943] multiqc                                            [DEBUG  ]  No MultiQC config found: /home/tphung3/.multiqc_config.yaml
[2019-10-25 07:20:19,944] multiqc                                            [DEBUG  ]  No MultiQC config found: multiqc_config.yaml
[2019-10-25 07:20:19,944] multiqc                                            [DEBUG  ]  Command used: /home/tphung3/softwares/miniconda3/envs/2019July_cayo/bin/multiqc --interactive -f -o multiqc_dna fastqc_dna
[2019-10-25 07:20:21,223] multiqc                                            [DEBUG  ]  Latest MultiQC version is v1.7
[2019-10-25 07:20:21,223] multiqc                                            [INFO   ]  This is MultiQC v1.7
[2019-10-25 07:20:21,224] multiqc                                            [DEBUG  ]  Command     : /home/tphung3/softwares/miniconda3/envs/2019July_cayo/bin/multiqc --interactive -f -o multiqc_dna fastqc_dna
[2019-10-25 07:20:21,224] multiqc                                            [DEBUG  ]  Working dir : /scratch/tphung3/Cayo_x_inactivation/GTEx/GTEx_v8/data_processing
[2019-10-25 07:20:21,224] multiqc                                            [INFO   ]  Template    : default
[2019-10-25 07:20:21,225] multiqc                                            [INFO   ]  Searching 'fastqc_dna'
[2019-10-25 07:20:21,226] multiqc                                            [DEBUG  ]  Analysing modules: custom_content, conpair, peddy, methylQA, phantompeakqualtools, qualimap, preseq, quast, qorts, rna_seqc, rsem, rseqc, busco, goleft_indexcov, disambiguate, supernova, deeptools, sargasso, verifybamid, mirtrace, happy, homer, macs2, theta2, snpeff, gatk, htseq, bcftools, featureCounts, dedup, damageprofiler, picard, prokka, samblaster, samtools, bamtools, jellyfish, vcftools, longranger, stacks, bbmap, bismark, biscuit, hicexplorer, hicup, hicpro, salmon, kallisto, slamdunk, star, hisat2, tophat, bowtie2, bowtie1, kat, leehom, adapterRemoval, clipandmerge, cutadapt, flexbar, trimmomatic, skewer, sortmerna, biobloomtools, fastq_screen, afterqc, fastp, fastqc, minionqc, clusterflow, bcl2fastq, interop, flash
[2019-10-25 07:20:21,226] multiqc                                            [DEBUG  ]  Using temporary directory for creating report: /tmp/tmpjuomm0qk
[2019-10-25 07:20:21,599] multiqc                                            [DEBUG  ]  Ignoring file as matched an ignore pattern: GTEX-14DAQ-0004_C3TY8.5_2_fastqc.html
[2019-10-25 07:20:21,600] multiqc                                            [DEBUG  ]  Ignoring file as matched an ignore pattern: GTEX-1A8FM-0004_C40KK.1_2_fastqc.html
[2019-10-25 07:20:21,600] multiqc                                            [DEBUG  ]  Ignoring file as matched an ignore pattern: GTEX-1A8FM-0004_C40JE.4_1_fastqc.html
[2019-10-25 07:20:21,600] multiqc                                            [DEBUG  ]  Ignoring file as matched an ignore pattern: GTEX-14DAQ-0004_C3TY8.5_1_fastqc.html
[2019-10-25 07:20:21,610] multiqc                                            [DEBUG  ]  Ignoring file as matched an ignore pattern: GTEX-1A8FM-0004_C40KK.7_2_fastqc.html
[2019-10-25 07:20:21,611] multiqc                                            [DEBUG  ]  Ignoring file as matched an ignore pattern: GTEX-1A32A-0001_C40KK.8_1_fastqc.html
[2019-10-25 07:20:21,611] multiqc                                            [DEBUG  ]  Ignoring file as matched an ignore pattern: GTEX-1A32A-0001_C40KK.4_2_fastqc.html
[2019-10-25 07:20:21,612] multiqc                                            [DEBUG  ]  Ignoring file as matched an ignore pattern: GTEX-1A32A-0001_C40KK.7_1_fastqc.html
[2019-10-25 07:20:21,612] multiqc                                            [DEBUG  ]  Ignoring file as matched an ignore pattern: GTEX-1A8FM-0004_C40KK.5_1_fastqc.html
[2019-10-25 07:20:21,614] multiqc                                            [DEBUG  ]  Ignoring file as matched an ignore pattern: GTEX-1A8FM-0004_C4104.4_1_fastqc.html
[2019-10-25 07:20:21,614] multiqc                                            [DEBUG  ]  Ignoring file as matched an ignore pattern: GTEX-15ER7-0002_C4RUH.4_2_fastqc.html
[2019-10-25 07:20:21,615] multiqc                                            [DEBUG  ]  Ignoring file as matched an ignore pattern: GTEX-1A32A-0001_C40JE.1_2_fastqc.html
[2019-10-25 07:20:21,617] multiqc                                            [DEBUG  ]  Ignoring file as matched an ignore pattern: GTEX-1A32A-0001_C40KK.3_1_fastqc.html
[2019-10-25 07:20:21,618] multiqc                                            [DEBUG  ]  Ignoring file as matched an ignore pattern: GTEX-15ER7-0002_C4RUH.5_1_fastqc.html
[2019-10-25 07:20:21,619] multiqc                                            [DEBUG  ]  Ignoring file as matched an ignore pattern: GTEX-1A8FM-0004_C40JE.3_2_fastqc.html
[2019-10-25 07:20:21,620] multiqc                                            [DEBUG  ]  Ignoring file as matched an ignore pattern: GTEX-131YS-0003_C3TV7.3_1_fastqc.html
[2019-10-25 07:20:21,620] multiqc                                            [DEBUG  ]  Ignoring file as matched an ignore pattern: GTEX-131YS-0003_C3U0V.3_1_fastqc.html
[2019-10-25 07:20:21,620] multiqc                                            [DEBUG  ]  Ignoring file as matched an ignore pattern: GTEX-1A32A-0001_C40KK.2_1_fastqc.html
[2019-10-25 07:20:21,624] multiqc                                            [DEBUG  ]  Ignoring file as matched an ignore pattern: GTEX-1A8FM-0004_C40JE.5_2_fastqc.html
[2019-10-25 07:20:21,625] multiqc                                            [DEBUG  ]  Ignoring file as matched an ignore pattern: GTEX-15ER7-0002_C4N20.5_1_fastqc.html
[2019-10-25 07:20:21,626] multiqc                                            [DEBUG  ]  Ignoring file as matched an ignore pattern: GTEX-1A8FM-0004_C40KK.1_1_fastqc.html
[2019-10-25 07:20:21,627] multiqc                                            [DEBUG  ]  Ignoring file as matched an ignore pattern: GTEX-1A32A-0001_C40KK.7_2_fastqc.html
[2019-10-25 07:20:21,627] multiqc                                            [DEBUG  ]  Ignoring file as matched an ignore pattern: GTEX-15ER7-0002_C4RUH.8_1_fastqc.html
[2019-10-25 07:20:21,628] multiqc                                            [DEBUG  ]  Ignoring file as matched an ignore pattern: GTEX-1A8FM-0004_C40KK.7_1_fastqc.html
[2019-10-25 07:20:21,628] multiqc                                            [DEBUG  ]  Ignoring file as matched an ignore pattern: GTEX-1A32A-0001_C40JE.5_1_fastqc.html
[2019-10-25 07:20:21,630] multiqc                                            [DEBUG  ]  Ignoring file as matched an ignore pattern: GTEX-15ER7-0002_C4N20.6_1_fastqc.html
[2019-10-25 07:20:21,631] multiqc                                            [DEBUG  ]  Ignoring file as matched an ignore pattern: GTEX-15ER7-0002_C4N20.8_1_fastqc.html
[2019-10-25 07:20:21,631] multiqc                                            [DEBUG  ]  Ignoring file as matched an ignore pattern: GTEX-1A32A-0001_C40KK.4_1_fastqc.html
[2019-10-25 07:20:21,632] multiqc                                            [DEBUG  ]  Ignoring file as matched an ignore pattern: GTEX-1A8FM-0004_C40KK.6_1_fastqc.html
[2019-10-25 07:20:21,632] multiqc                                            [DEBUG  ]  Ignoring file as matched an ignore pattern: GTEX-1A32A-0001_C4104.2_2_fastqc.html
[2019-10-25 07:20:21,633] multiqc                                            [DEBUG  ]  Ignoring file as matched an ignore pattern: GTEX-15ER7-0002_C4RUH.7_2_fastqc.html
[2019-10-25 07:20:21,633] multiqc                                            [DEBUG  ]  Ignoring file as matched an ignore pattern: GTEX-1A8FM-0004_C40JE.7_2_fastqc.html
[2019-10-25 07:20:21,634] multiqc                                            [DEBUG  ]  Ignoring file as matched an ignore pattern: GTEX-15ER7-0002_C4N20.3_1_fastqc.html
[2019-10-25 07:20:21,635] multiqc                                            [DEBUG  ]  Ignoring file as matched an ignore pattern: GTEX-1A32A-0001_C4104.5_1_fastqc.html
[2019-10-25 07:20:21,635] multiqc                                            [DEBUG  ]  Ignoring file as matched an ignore pattern: GTEX-1A8FM-0004_C4104.4_2_fastqc.html
[2019-10-25 07:20:21,635] multiqc                                            [DEBUG  ]  Ignoring file as matched an ignore pattern: GTEX-14DAQ-0004_C3TY8.6_1_fastqc.html
[2019-10-25 07:20:21,635] multiqc                                            [DEBUG  ]  Ignoring file as matched an ignore pattern: GTEX-1A8FM-0004_C4104.7_1_fastqc.html
[2019-10-25 07:20:21,636] multiqc                                            [DEBUG  ]  Ignoring file as matched an ignore pattern: GTEX-1A32A-0001_C40JE.3_2_fastqc.html
[2019-10-25 07:20:21,636] multiqc                                            [DEBUG  ]  Ignoring file as matched an ignore pattern: GTEX-1A32A-0001_C40KK.1_2_fastqc.html
[2019-10-25 07:20:21,636] multiqc                                            [DEBUG  ]  Ignoring file as matched an ignore pattern: GTEX-15ER7-0002_C4N20.8_2_fastqc.html
[2019-10-25 07:20:21,637] multiqc                                            [DEBUG  ]  Ignoring file as matched an ignore pattern: GTEX-11GSP-0004_C31JT.3_1_fastqc.html
[2019-10-25 07:20:21,638] multiqc                                            [DEBUG  ]  Ignoring file as matched an ignore pattern: GTEX-1A32A-0001_C4104.1_2_fastqc.html
[2019-10-25 07:20:21,639] multiqc                                            [DEBUG  ]  Ignoring file as matched an ignore pattern: GTEX-1A8FM-0004_C40KK.8_1_fastqc.html
[2019-10-25 07:20:21,639] multiqc                                            [DEBUG  ]  Ignoring file as matched an ignore pattern: GTEX-1A8FM-0004_C40JE.6_2_fastqc.html
[2019-10-25 07:20:21,640] multiqc                                            [DEBUG  ]  Ignoring file as matched an ignore pattern: GTEX-1A8FM-0004_C40KK.2_1_fastqc.html
[2019-10-25 07:20:21,640] multiqc                                            [DEBUG  ]  Ignoring file as matched an ignore pattern: GTEX-1A32A-0001_C40JE.2_1_fastqc.html
[2019-10-25 07:20:21,643] multiqc                                            [DEBUG  ]  Ignoring file as matched an ignore pattern: GTEX-1A32A-0001_C40KK.3_2_fastqc.html
[2019-10-25 07:20:21,644] multiqc                                            [DEBUG  ]  Ignoring file as matched an ignore pattern: GTEX-15ER7-0002_C4RUH.4_1_fastqc.html
[2019-10-25 07:20:21,646] multiqc                                            [DEBUG  ]  Ignoring file as matched an ignore pattern: GTEX-1A32A-0001_C4104.6_2_fastqc.html
[2019-10-25 07:20:21,646] multiqc                                            [DEBUG  ]  Ignoring file as matched an ignore pattern: GTEX-1A8FM-0004_C4104.6_1_fastqc.html
[2019-10-25 07:20:21,646] multiqc                                            [DEBUG  ]  Ignoring file as matched an ignore pattern: GTEX-15ER7-0002_C4N20.6_2_fastqc.html
[2019-10-25 07:20:21,647] multiqc                                            [DEBUG  ]  Ignoring file as matched an ignore pattern: GTEX-15ER7-0002_C4N20.3_2_fastqc.html
[2019-10-25 07:20:21,651] multiqc                                            [DEBUG  ]  Ignoring file as matched an ignore pattern: GTEX-1A32A-0001_C4104.5_2_fastqc.html
[2019-10-25 07:20:21,651] multiqc                                            [DEBUG  ]  Ignoring file as matched an ignore pattern: GTEX-1A32A-0001_C40JE.5_2_fastqc.html
[2019-10-25 07:20:21,652] multiqc                                            [DEBUG  ]  Ignoring file as matched an ignore pattern: GTEX-14DAQ-0004_C3U3B.8_1_fastqc.html
[2019-10-25 07:20:21,652] multiqc                                            [DEBUG  ]  Ignoring file as matched an ignore pattern: GTEX-15ER7-0002_C4RUH.2_1_fastqc.html
[2019-10-25 07:20:21,653] multiqc                                            [DEBUG  ]  Ignoring file as matched an ignore pattern: GTEX-15ER7-0002_C4N20.2_2_fastqc.html
[2019-10-25 07:20:21,654] multiqc                                            [DEBUG  ]  Ignoring file as matched an ignore pattern: GTEX-1A8FM-0004_C40JE.4_2_fastqc.html
[2019-10-25 07:20:21,655] multiqc                                            [DEBUG  ]  Ignoring file as matched an ignore pattern: GTEX-15ER7-0002_C4RUH.1_1_fastqc.html
[2019-10-25 07:20:21,656] multiqc                                            [DEBUG  ]  Ignoring file as matched an ignore pattern: GTEX-15ER7-0002_C4N20.1_2_fastqc.html
[2019-10-25 07:20:21,657] multiqc                                            [DEBUG  ]  Ignoring file as matched an ignore pattern: GTEX-1A32A-0001_C40JE.8_2_fastqc.html
[2019-10-25 07:20:21,658] multiqc                                            [DEBUG  ]  Ignoring file as matched an ignore pattern: GTEX-12WSD-0002_C3JV3.5_1_fastqc.html
[2019-10-25 07:20:21,659] multiqc                                            [DEBUG  ]  Ignoring file as matched an ignore pattern: GTEX-12WSD-0002_C3715.2_1_fastqc.html
[2019-10-25 07:20:21,659] multiqc                                            [DEBUG  ]  Ignoring file as matched an ignore pattern: GTEX-14DAQ-0004_C3U3B.8_2_fastqc.html
[2019-10-25 07:20:21,660] multiqc                                            [DEBUG  ]  Ignoring file as matched an ignore pattern: GTEX-131YS-0003_C3U0V.3_2_fastqc.html
[2019-10-25 07:20:21,660] multiqc                                            [DEBUG  ]  Ignoring file as matched an ignore pattern: GTEX-1A32A-0001_C40JE.6_1_fastqc.html
[2019-10-25 07:20:21,660] multiqc                                            [DEBUG  ]  Ignoring file as matched an ignore pattern: GTEX-11GSP-0004_C31JT.3_2_fastqc.html
[2019-10-25 07:20:21,660] multiqc                                            [DEBUG  ]  Ignoring file as matched an ignore pattern: GTEX-12WSD-0002_C3715.1_2_fastqc.html
[2019-10-25 07:20:21,661] multiqc                                            [DEBUG  ]  Ignoring file as matched an ignore pattern: GTEX-1A8FM-0004_C4104.2_1_fastqc.html
[2019-10-25 07:20:21,661] multiqc                                            [DEBUG  ]  Ignoring file as matched an ignore pattern: GTEX-1A8FM-0004_C40JE.7_1_fastqc.html
[2019-10-25 07:20:21,662] multiqc                                            [DEBUG  ]  Ignoring file as matched an ignore pattern: GTEX-1A8FM-0004_C40JE.2_2_fastqc.html
[2019-10-25 07:20:21,663] multiqc                                            [DEBUG  ]  Ignoring file as matched an ignore pattern: GTEX-1A32A-0001_C4104.1_1_fastqc.html
[2019-10-25 07:20:21,663] multiqc                                            [DEBUG  ]  Ignoring file as matched an ignore pattern: GTEX-1A32A-0001_C4104.2_1_fastqc.html
[2019-10-25 07:20:21,663] multiqc                                            [DEBUG  ]  Ignoring file as matched an ignore pattern: GTEX-1A32A-0001_C40KK.6_2_fastqc.html
[2019-10-25 07:20:21,664] multiqc                                            [DEBUG  ]  Ignoring file as matched an ignore pattern: GTEX-15ER7-0002_C4N20.4_2_fastqc.html
[2019-10-25 07:20:21,664] multiqc                                            [DEBUG  ]  Ignoring file as matched an ignore pattern: GTEX-1A32A-0001_C40JE.6_2_fastqc.html
[2019-10-25 07:20:21,664] multiqc                                            [DEBUG  ]  Ignoring file as matched an ignore pattern: GTEX-1A8FM-0004_C40KK.2_2_fastqc.html
[2019-10-25 07:20:21,665] multiqc                                            [DEBUG  ]  Ignoring file as matched an ignore pattern: GTEX-15ER7-0002_C4N20.1_1_fastqc.html
[2019-10-25 07:20:21,666] multiqc                                            [DEBUG  ]  Ignoring file as matched an ignore pattern: GTEX-1A32A-0001_C40JE.7_2_fastqc.html
[2019-10-25 07:20:21,667] multiqc                                            [DEBUG  ]  Ignoring file as matched an ignore pattern: GTEX-1A32A-0001_C40JE.3_1_fastqc.html
[2019-10-25 07:20:21,668] multiqc                                            [DEBUG  ]  Ignoring file as matched an ignore pattern: GTEX-1A32A-0001_C40KK.8_2_fastqc.html
[2019-10-25 07:20:21,669] multiqc                                            [DEBUG  ]  Ignoring file as matched an ignore pattern: GTEX-1A8FM-0004_C40JE.5_1_fastqc.html
[2019-10-25 07:20:21,670] multiqc                                            [DEBUG  ]  Ignoring file as matched an ignore pattern: GTEX-1A32A-0001_C4104.7_2_fastqc.html
[2019-10-25 07:20:21,670] multiqc                                            [DEBUG  ]  Ignoring file as matched an ignore pattern: GTEX-15ER7-0002_C4RUH.5_2_fastqc.html
[2019-10-25 07:20:21,670] multiqc                                            [DEBUG  ]  Ignoring file as matched an ignore pattern: GTEX-1A8FM-0004_C40JE.8_1_fastqc.html
[2019-10-25 07:20:21,672] multiqc                                            [DEBUG  ]  Ignoring file as matched an ignore pattern: GTEX-11GSP-0004_C31L3.6_1_fastqc.html
[2019-10-25 07:20:21,673] multiqc                                            [DEBUG  ]  Ignoring file as matched an ignore pattern: GTEX-15ER7-0002_C4N20.2_1_fastqc.html
[2019-10-25 07:20:21,674] multiqc                                            [DEBUG  ]  Ignoring file as matched an ignore pattern: GTEX-1A8FM-0004_C40KK.4_1_fastqc.html
[2019-10-25 07:20:21,675] multiqc                                            [DEBUG  ]  Ignoring file as matched an ignore pattern: GTEX-1A32A-0001_C4104.4_2_fastqc.html
[2019-10-25 07:20:21,675] multiqc                                            [DEBUG  ]  Ignoring file as matched an ignore pattern: GTEX-1A32A-0001_C4104.3_2_fastqc.html
[2019-10-25 07:20:21,676] multiqc                                            [DEBUG  ]  Ignoring file as matched an ignore pattern: GTEX-12WSD-0002_C3JV3.5_2_fastqc.html
[2019-10-25 07:20:21,677] multiqc                                            [DEBUG  ]  Ignoring file as matched an ignore pattern: GTEX-1A8FM-0004_C40KK.3_2_fastqc.html
[2019-10-25 07:20:21,677] multiqc                                            [DEBUG  ]  Ignoring file as matched an ignore pattern: GTEX-15ER7-0002_C4RUH.1_2_fastqc.html
[2019-10-25 07:20:21,678] multiqc                                            [DEBUG  ]  Ignoring file as matched an ignore pattern: GTEX-1A32A-0001_C40JE.4_1_fastqc.html
[2019-10-25 07:20:21,680] multiqc                                            [DEBUG  ]  Ignoring file as matched an ignore pattern: GTEX-1A8FM-0004_C40KK.8_2_fastqc.html
[2019-10-25 07:20:21,681] multiqc                                            [DEBUG  ]  Ignoring file as matched an ignore pattern: GTEX-1A8FM-0004_C40JE.6_1_fastqc.html
[2019-10-25 07:20:21,681] multiqc                                            [DEBUG  ]  Ignoring file as matched an ignore pattern: GTEX-15ER7-0002_C4RUH.6_2_fastqc.html
[2019-10-25 07:20:21,681] multiqc                                            [DEBUG  ]  Ignoring file as matched an ignore pattern: GTEX-15ER7-0002_C4N20.4_1_fastqc.html
[2019-10-25 07:20:21,682] multiqc                                            [DEBUG  ]  Ignoring file as matched an ignore pattern: GTEX-1A32A-0001_C40JE.4_2_fastqc.html
[2019-10-25 07:20:21,683] multiqc                                            [DEBUG  ]  Ignoring file as matched an ignore pattern: GTEX-15ER7-0002_C4N20.7_1_fastqc.html
[2019-10-25 07:20:21,683] multiqc                                            [DEBUG  ]  Ignoring file as matched an ignore pattern: GTEX-1A32A-0001_C40KK.6_1_fastqc.html
[2019-10-25 07:20:21,684] multiqc                                            [DEBUG  ]  Ignoring file as matched an ignore pattern: GTEX-15ER7-0002_C4N20.7_2_fastqc.html
[2019-10-25 07:20:21,684] multiqc                                            [DEBUG  ]  Ignoring file as matched an ignore pattern: GTEX-1A8FM-0004_C40JE.1_2_fastqc.html
[2019-10-25 07:20:21,686] multiqc                                            [DEBUG  ]  Ignoring file as matched an ignore pattern: GTEX-1A8FM-0004_C40KK.6_2_fastqc.html
[2019-10-25 07:20:21,687] multiqc                                            [DEBUG  ]  Ignoring file as matched an ignore pattern: GTEX-14DAQ-0004_C3TY8.6_2_fastqc.html
[2019-10-25 07:20:21,690] multiqc                                            [DEBUG  ]  Ignoring file as matched an ignore pattern: GTEX-1A8FM-0004_C4104.1_2_fastqc.html
[2019-10-25 07:20:21,690] multiqc                                            [DEBUG  ]  Ignoring file as matched an ignore pattern: GTEX-15ER7-0002_C4RUH.8_2_fastqc.html
[2019-10-25 07:20:21,690] multiqc                                            [DEBUG  ]  Ignoring file as matched an ignore pattern: GTEX-1A32A-0001_C40JE.7_1_fastqc.html
[2019-10-25 07:20:21,691] multiqc                                            [DEBUG  ]  Ignoring file as matched an ignore pattern: GTEX-15ER7-0002_C4RUH.2_2_fastqc.html
[2019-10-25 07:20:21,693] multiqc                                            [DEBUG  ]  Ignoring file as matched an ignore pattern: GTEX-1A8FM-0004_C40KK.4_2_fastqc.html
[2019-10-25 07:20:21,694] multiqc                                            [DEBUG  ]  Ignoring file as matched an ignore pattern: GTEX-1A32A-0001_C4104.4_1_fastqc.html
[2019-10-25 07:20:21,694] multiqc                                            [DEBUG  ]  Ignoring file as matched an ignore pattern: GTEX-1A32A-0001_C40JE.2_2_fastqc.html
[2019-10-25 07:20:21,695] multiqc                                            [DEBUG  ]  Ignoring file as matched an ignore pattern: GTEX-131YS-0003_C3TV7.4_2_fastqc.html
[2019-10-25 07:20:21,695] multiqc                                            [DEBUG  ]  Ignoring file as matched an ignore pattern: GTEX-12WSD-0002_C3715.1_1_fastqc.html
[2019-10-25 07:20:21,695] multiqc                                            [DEBUG  ]  Ignoring file as matched an ignore pattern: GTEX-1A32A-0001_C4104.3_1_fastqc.html
[2019-10-25 07:20:21,697] multiqc                                            [DEBUG  ]  Ignoring file as matched an ignore pattern: GTEX-1A32A-0001_C40KK.5_2_fastqc.html
[2019-10-25 07:20:21,697] multiqc                                            [DEBUG  ]  Ignoring file as matched an ignore pattern: GTEX-131YS-0003_C3TV7.4_1_fastqc.html
[2019-10-25 07:20:21,697] multiqc                                            [DEBUG  ]  Ignoring file as matched an ignore pattern: GTEX-1A32A-0001_C40KK.2_2_fastqc.html
[2019-10-25 07:20:21,697] multiqc                                            [DEBUG  ]  Ignoring file as matched an ignore pattern: GTEX-15ER7-0002_C4RUH.6_1_fastqc.html
[2019-10-25 07:20:21,697] multiqc                                            [DEBUG  ]  Ignoring file as matched an ignore pattern: GTEX-11GSP-0004_C31L3.5_1_fastqc.html
[2019-10-25 07:20:21,698] multiqc                                            [DEBUG  ]  Ignoring file as matched an ignore pattern: GTEX-1A8FM-0004_C40KK.3_1_fastqc.html
[2019-10-25 07:20:21,699] multiqc                                            [DEBUG  ]  Ignoring file as matched an ignore pattern: GTEX-1A8FM-0004_C4104.7_2_fastqc.html
[2019-10-25 07:20:21,699] multiqc                                            [DEBUG  ]  Ignoring file as matched an ignore pattern: GTEX-1A32A-0001_C40KK.1_1_fastqc.html
[2019-10-25 07:20:21,700] multiqc                                            [DEBUG  ]  Ignoring file as matched an ignore pattern: GTEX-1A8FM-0004_C40JE.2_1_fastqc.html
[2019-10-25 07:20:21,700] multiqc                                            [DEBUG  ]  Ignoring file as matched an ignore pattern: GTEX-1A8FM-0004_C40KK.5_2_fastqc.html
[2019-10-25 07:20:21,701] multiqc                                            [DEBUG  ]  Ignoring file as matched an ignore pattern: GTEX-1A32A-0001_C40JE.1_1_fastqc.html
[2019-10-25 07:20:21,701] multiqc                                            [DEBUG  ]  Ignoring file as matched an ignore pattern: GTEX-1A32A-0001_C40KK.5_1_fastqc.html
[2019-10-25 07:20:21,702] multiqc                                            [DEBUG  ]  Ignoring file as matched an ignore pattern: GTEX-11GSP-0004_C31L3.6_2_fastqc.html
[2019-10-25 07:20:21,703] multiqc                                            [DEBUG  ]  Ignoring file as matched an ignore pattern: GTEX-12WSD-0002_C3715.2_2_fastqc.html
[2019-10-25 07:20:21,704] multiqc                                            [DEBUG  ]  Ignoring file as matched an ignore pattern: GTEX-15ER7-0002_C4N20.5_2_fastqc.html
[2019-10-25 07:20:21,705] multiqc                                            [DEBUG  ]  Ignoring file as matched an ignore pattern: GTEX-1A8FM-0004_C40JE.3_1_fastqc.html
[2019-10-25 07:20:21,705] multiqc                                            [DEBUG  ]  Ignoring file as matched an ignore pattern: GTEX-1A8FM-0004_C4104.1_1_fastqc.html
[2019-10-25 07:20:21,705] multiqc                                            [DEBUG  ]  Ignoring file as matched an ignore pattern: GTEX-15ER7-0002_C4RUH.3_2_fastqc.html
[2019-10-25 07:20:21,706] multiqc                                            [DEBUG  ]  Ignoring file as matched an ignore pattern: GTEX-131YS-0003_C3TV7.3_2_fastqc.html
[2019-10-25 07:20:21,706] multiqc                                            [DEBUG  ]  Ignoring file as matched an ignore pattern: GTEX-1A8FM-0004_C4104.5_2_fastqc.html
[2019-10-25 07:20:21,707] multiqc                                            [DEBUG  ]  Ignoring file as matched an ignore pattern: GTEX-11GSP-0004_C31L3.5_2_fastqc.html
[2019-10-25 07:20:21,708] multiqc                                            [DEBUG  ]  Ignoring file as matched an ignore pattern: GTEX-1A8FM-0004_C40JE.8_2_fastqc.html
[2019-10-25 07:20:21,708] multiqc                                            [DEBUG  ]  Ignoring file as matched an ignore pattern: GTEX-1A8FM-0004_C4104.2_2_fastqc.html
[2019-10-25 07:20:21,708] multiqc                                            [DEBUG  ]  Ignoring file as matched an ignore pattern: GTEX-1A8FM-0004_C40JE.1_1_fastqc.html
[2019-10-25 07:20:21,709] multiqc                                            [DEBUG  ]  Ignoring file as matched an ignore pattern: GTEX-15ER7-0002_C4RUH.7_1_fastqc.html
[2019-10-25 07:20:21,710] multiqc                                            [DEBUG  ]  Ignoring file as matched an ignore pattern: GTEX-1A8FM-0004_C4104.3_2_fastqc.html
[2019-10-25 07:20:21,710] multiqc                                            [DEBUG  ]  Ignoring file as matched an ignore pattern: GTEX-1A32A-0001_C4104.6_1_fastqc.html
[2019-10-25 07:20:21,710] multiqc                                            [DEBUG  ]  Ignoring file as matched an ignore pattern: GTEX-1A8FM-0004_C4104.5_1_fastqc.html
[2019-10-25 07:20:21,711] multiqc                                            [DEBUG  ]  Ignoring file as matched an ignore pattern: GTEX-15ER7-0002_C4RUH.3_1_fastqc.html
[2019-10-25 07:20:21,711] multiqc                                            [DEBUG  ]  Ignoring file as matched an ignore pattern: GTEX-1A32A-0001_C40JE.8_1_fastqc.html
[2019-10-25 07:20:21,711] multiqc                                            [DEBUG  ]  Ignoring file as matched an ignore pattern: GTEX-1A8FM-0004_C4104.3_1_fastqc.html
[2019-10-25 07:20:21,713] multiqc                                            [DEBUG  ]  Ignoring file as matched an ignore pattern: GTEX-1A32A-0001_C4104.7_1_fastqc.html
[2019-10-25 07:20:21,713] multiqc                                            [DEBUG  ]  Ignoring file as matched an ignore pattern: GTEX-1A8FM-0004_C4104.6_2_fastqc.html
[2019-10-25 07:20:24,729] multiqc                                            [DEBUG  ]  No samples found: custom_content
[2019-10-25 07:20:24,763] multiqc                                            [DEBUG  ]  No samples found: conpair
[2019-10-25 07:20:24,793] multiqc                                            [DEBUG  ]  No samples found: peddy
[2019-10-25 07:20:24,819] multiqc                                            [DEBUG  ]  No samples found: methylQA
[2019-10-25 07:20:24,845] multiqc                                            [DEBUG  ]  No samples found: phantompeakqualtools
[2019-10-25 07:20:24,920] multiqc                                            [DEBUG  ]  No samples found: qualimap
[2019-10-25 07:20:24,951] multiqc                                            [DEBUG  ]  No samples found: preseq
[2019-10-25 07:20:24,986] multiqc                                            [DEBUG  ]  No samples found: quast
[2019-10-25 07:20:25,017] multiqc                                            [DEBUG  ]  No samples found: qorts
[2019-10-25 07:20:25,046] multiqc                                            [DEBUG  ]  No samples found: rna_seqc
[2019-10-25 07:20:25,076] multiqc                                            [DEBUG  ]  No samples found: rsem
[2019-10-25 07:20:25,221] multiqc                                            [DEBUG  ]  No samples found: rseqc
[2019-10-25 07:20:25,244] multiqc                                            [DEBUG  ]  No samples found: busco
[2019-10-25 07:20:25,273] multiqc                                            [DEBUG  ]  No samples found: goleft_indexcov
[2019-10-25 07:20:25,305] multiqc                                            [DEBUG  ]  No samples found: disambiguate
[2019-10-25 07:20:25,324] multiqc                                            [DEBUG  ]  No samples found: supernova
[2019-10-25 07:20:25,547] multiqc                                            [DEBUG  ]  No samples found: deeptools
[2019-10-25 07:20:25,579] multiqc                                            [DEBUG  ]  No samples found: sargasso
[2019-10-25 07:20:25,609] multiqc                                            [DEBUG  ]  No samples found: verifybamid
[2019-10-25 07:20:25,634] multiqc                                            [DEBUG  ]  No samples found: mirtrace
[2019-10-25 07:20:25,661] multiqc                                            [DEBUG  ]  No samples found: happy
[2019-10-25 07:20:25,727] multiqc                                            [DEBUG  ]  No samples found: homer
[2019-10-25 07:20:25,749] multiqc                                            [DEBUG  ]  No samples found: macs2
[2019-10-25 07:20:25,780] multiqc                                            [DEBUG  ]  No samples found: theta2
[2019-10-25 07:20:25,804] multiqc                                            [DEBUG  ]  No samples found: snpeff
[2019-10-25 07:20:25,912] multiqc                                            [DEBUG  ]  No samples found: gatk
[2019-10-25 07:20:25,936] multiqc                                            [DEBUG  ]  No samples found: htseq
[2019-10-25 07:20:25,989] multiqc                                            [DEBUG  ]  No samples found: bcftools
[2019-10-25 07:20:26,023] multiqc                                            [DEBUG  ]  No samples found: featureCounts
[2019-10-25 07:20:26,052] multiqc                                            [DEBUG  ]  No samples found: dedup
[2019-10-25 07:20:26,078] multiqc                                            [DEBUG  ]  No samples found: damageprofiler
[2019-10-25 07:20:26,356] multiqc                                            [DEBUG  ]  No samples found: picard
[2019-10-25 07:20:26,388] multiqc                                            [DEBUG  ]  No samples found: prokka
[2019-10-25 07:20:26,416] multiqc                                            [DEBUG  ]  No samples found: samblaster
[2019-10-25 07:20:26,496] multiqc                                            [DEBUG  ]  No samples found: samtools
[2019-10-25 07:20:26,545] multiqc                                            [DEBUG  ]  No samples found: bamtools
[2019-10-25 07:20:26,571] multiqc                                            [DEBUG  ]  No samples found: jellyfish
[2019-10-25 07:20:26,662] multiqc                                            [DEBUG  ]  No samples found: vcftools
[2019-10-25 07:20:26,688] multiqc                                            [DEBUG  ]  No samples found: longranger
[2019-10-25 07:20:26,709] multiqc                                            [DEBUG  ]  No samples found: stacks
[2019-10-25 07:20:26,972] multiqc                                            [DEBUG  ]  No samples found: bbmap
[2019-10-25 07:20:27,012] multiqc                                            [DEBUG  ]  No samples found: bismark
[2019-10-25 07:20:27,043] multiqc                                            [DEBUG  ]  No samples found: biscuit
[2019-10-25 07:20:27,070] multiqc                                            [DEBUG  ]  No samples found: hicexplorer
[2019-10-25 07:20:27,098] multiqc                                            [DEBUG  ]  No samples found: hicup
[2019-10-25 07:20:27,122] multiqc                                            [DEBUG  ]  No samples found: hicpro
[2019-10-25 07:20:27,154] multiqc                                            [DEBUG  ]  No samples found: salmon
[2019-10-25 07:20:27,188] multiqc                                            [DEBUG  ]  No samples found: kallisto
[2019-10-25 07:20:27,208] multiqc                                            [DEBUG  ]  No samples found: slamdunk
[2019-10-25 07:20:27,236] multiqc                                            [DEBUG  ]  No samples found: star
[2019-10-25 07:20:27,264] multiqc                                            [DEBUG  ]  No samples found: hisat2
[2019-10-25 07:20:27,282] multiqc                                            [DEBUG  ]  No samples found: tophat
[2019-10-25 07:20:27,310] multiqc                                            [DEBUG  ]  No samples found: bowtie2
[2019-10-25 07:20:27,337] multiqc                                            [DEBUG  ]  No samples found: bowtie1
[2019-10-25 07:20:27,363] multiqc                                            [DEBUG  ]  No samples found: kat
[2019-10-25 07:20:27,411] multiqc                                            [DEBUG  ]  No samples found: leehom
[2019-10-25 07:20:27,436] multiqc                                            [DEBUG  ]  No samples found: adapterRemoval
[2019-10-25 07:20:27,469] multiqc                                            [DEBUG  ]  No samples found: clipandmerge
[2019-10-25 07:20:27,491] multiqc                                            [DEBUG  ]  No samples found: cutadapt
[2019-10-25 07:20:27,520] multiqc                                            [DEBUG  ]  No samples found: flexbar
[2019-10-25 07:20:27,549] multiqc                                            [DEBUG  ]  No samples found: trimmomatic
[2019-10-25 07:20:27,574] multiqc                                            [DEBUG  ]  No samples found: skewer
[2019-10-25 07:20:27,598] multiqc                                            [DEBUG  ]  No samples found: sortmerna
[2019-10-25 07:20:27,628] multiqc                                            [DEBUG  ]  No samples found: biobloomtools
[2019-10-25 07:20:27,670] multiqc                                            [DEBUG  ]  No samples found: fastq_screen
[2019-10-25 07:20:27,692] multiqc                                            [DEBUG  ]  No samples found: afterqc
[2019-10-25 07:20:27,721] multiqc                                            [DEBUG  ]  No samples found: fastp
[2019-10-25 07:20:33,498] multiqc.modules.fastqc.fastqc                      [INFO   ]  Found 148 reports
[2019-10-25 07:20:36,264] multiqc                                            [DEBUG  ]  No samples found: minionqc
[2019-10-25 07:20:36,288] multiqc                                            [DEBUG  ]  No samples found: clusterflow
[2019-10-25 07:20:36,315] multiqc                                            [DEBUG  ]  No samples found: bcl2fastq
[2019-10-25 07:20:36,340] multiqc                                            [DEBUG  ]  No samples found: interop
[2019-10-25 07:20:36,362] multiqc                                            [DEBUG  ]  No samples found: flash
[2019-10-25 07:20:36,552] multiqc                                            [INFO   ]  Compressing plot data
[2019-10-25 07:20:38,566] multiqc                                            [INFO   ]  Report      : multiqc_dna/multiqc_report.html
[2019-10-25 07:20:38,567] multiqc                                            [INFO   ]  Data        : multiqc_dna/multiqc_data
[2019-10-25 07:20:38,568] multiqc                                            [DEBUG  ]  Moving data file from '/tmp/tmpjuomm0qk/multiqc_data/multiqc_fastqc.txt' to 'multiqc_dna/multiqc_data'
[2019-10-25 07:20:38,596] multiqc                                            [DEBUG  ]  Moving data file from '/tmp/tmpjuomm0qk/multiqc_data/multiqc_general_stats.txt' to 'multiqc_dna/multiqc_data'
[2019-10-25 07:20:38,598] multiqc                                            [DEBUG  ]  Moving data file from '/tmp/tmpjuomm0qk/multiqc_data/multiqc_sources.txt' to 'multiqc_dna/multiqc_data'
[2019-10-25 07:20:38,600] multiqc                                            [DEBUG  ]  Moving data file from '/tmp/tmpjuomm0qk/multiqc_data/multiqc_data.json' to 'multiqc_dna/multiqc_data'
[2019-10-25 07:20:39,443] multiqc                                            [INFO   ]  MultiQC complete
